# JRE version: OpenJDK Runtime Environment (11.0.12+7) (build 11.0.12+7-b1504.28-7817840)
# Java VM: OpenJDK 64-Bit Server VM (11.0.12+7-b1504.28-7817840, mixed mode, tiered, compressed oops, g1 gc, windows-amd64)
Heap:
 garbage-first heap   total 183296K, used 144612K [0x0000000080000000, 0x0000000100000000)
  region size 1024K, 26 young (26624K), 5 survivors (5120K)
 Metaspace       used 96070K, capacity 98498K, committed 98560K, reserved 1134592K
  class space    used 12436K, capacity 13289K, committed 13312K, reserved 1048576K
GC Heap History (20 events):
Event: 20.978 GC heap before
{Heap before GC invocations=20 (full 0):
 garbage-first heap   total 152576K, used 122394K [0x0000000080000000, 0x0000000100000000)
  region size 1024K, 43 young (44032K), 4 survivors (4096K)
 Metaspace       used 69798K, capacity 71502K, committed 71552K, reserved 1112064K
  class space    used 8922K, capacity 9552K, committed 9600K, reserved 1048576K
}
Event: 20.997 GC heap after
{Heap after GC invocations=21 (full 0):
 garbage-first heap   total 152576K, used 86827K [0x0000000080000000, 0x0000000100000000)
  region size 1024K, 5 young (5120K), 5 survivors (5120K)
 Metaspace       used 69798K, capacity 71502K, committed 71552K, reserved 1112064K
  class space    used 8922K, capacity 9552K, committed 9600K, reserved 1048576K
}
Event: 21.864 GC heap before
{Heap before GC invocations=21 (full 0):
 garbage-first heap   total 152576K, used 124715K [0x0000000080000000, 0x0000000100000000)
  region size 1024K, 42 young (43008K), 5 survivors (5120K)
 Metaspace       used 73037K, capacity 74868K, committed 75136K, reserved 1114112K
  class space    used 9352K, capacity 9986K, committed 10112K, reserved 1048576K
}
Event: 21.878 GC heap after
{Heap after GC invocations=22 (full 0):
 garbage-first heap   total 183296K, used 89463K [0x0000000080000000, 0x0000000100000000)
  region size 1024K, 3 young (3072K), 3 survivors (3072K)
 Metaspace       used 73037K, capacity 74868K, committed 75136K, reserved 1114112K
  class space    used 9352K, capacity 9986K, committed 10112K, reserved 1048576K
}
Event: 23.099 GC heap before
{Heap before GC invocations=23 (full 0):
 garbage-first heap   total 183296K, used 138615K [0x0000000080000000, 0x0000000100000000)
  region size 1024K, 51 young (52224K), 3 survivors (3072K)
 Metaspace       used 76716K, capacity 78643K, committed 78848K, reserved 1118208K
  class space    used 9791K, capacity 10446K, committed 10496K, reserved 1048576K
}
Event: 23.110 GC heap after
{Heap after GC invocations=24 (full 0):
 garbage-first heap   total 183296K, used 91920K [0x0000000080000000, 0x0000000100000000)
  region size 1024K, 5 young (5120K), 5 survivors (5120K)
 Metaspace       used 76716K, capacity 78643K, committed 78848K, reserved 1118208K
  class space    used 9791K, capacity 10446K, committed 10496K, reserved 1048576K
}
Event: 23.871 GC heap before
{Heap before GC invocations=24 (full 0):
 garbage-first heap   total 183296K, used 142096K [0x0000000080000000, 0x0000000100000000)
  region size 1024K, 54 young (55296K), 5 survivors (5120K)
 Metaspace       used 78534K, capacity 80517K, committed 80640K, reserved 1120256K
  class space    used 10001K, capacity 10708K, committed 10752K, reserved 1048576K
}
Event: 23.888 GC heap after
{Heap after GC invocations=25 (full 0):
 garbage-first heap   total 183296K, used 94956K [0x0000000080000000, 0x0000000100000000)
  region size 1024K, 6 young (6144K), 6 survivors (6144K)
 Metaspace       used 78534K, capacity 80517K, committed 80640K, reserved 1120256K
  class space    used 10001K, capacity 10708K, committed 10752K, reserved 1048576K
}
Event: 24.938 GC heap before
{Heap before GC invocations=26 (full 0):
 garbage-first heap   total 183296K, used 144108K [0x0000000080000000, 0x0000000100000000)
  region size 1024K, 55 young (56320K), 6 survivors (6144K)
 Metaspace       used 83874K, capacity 85876K, committed 86144K, reserved 1124352K
  class space    used 10872K, capacity 11607K, committed 11648K, reserved 1048576K
}
Event: 24.953 GC heap after
{Heap after GC invocations=27 (full 0):
 garbage-first heap   total 183296K, used 98634K [0x0000000080000000, 0x0000000100000000)
  region size 1024K, 7 young (7168K), 7 survivors (7168K)
 Metaspace       used 83874K, capacity 85876K, committed 86144K, reserved 1124352K
  class space    used 10872K, capacity 11607K, committed 11648K, reserved 1048576K
}
Event: 25.327 GC heap before
{Heap before GC invocations=27 (full 0):
 garbage-first heap   total 183296K, used 118090K [0x0000000080000000, 0x0000000100000000)
  region size 1024K, 27 young (27648K), 7 survivors (7168K)
 Metaspace       used 86214K, capacity 88268K, committed 88448K, reserved 1126400K
  class space    used 11091K, capacity 11846K, committed 11904K, reserved 1048576K
}
Event: 25.340 GC heap after
{Heap after GC invocations=28 (full 0):
 garbage-first heap   total 183296K, used 102400K [0x0000000080000000, 0x0000000100000000)
  region size 1024K, 7 young (7168K), 7 survivors (7168K)
 Metaspace       used 86214K, capacity 88268K, committed 88448K, reserved 1126400K
  class space    used 11091K, capacity 11846K, committed 11904K, reserved 1048576K
}
Event: 26.449 GC heap before
{Heap before GC invocations=29 (full 0):
 garbage-first heap   total 183296K, used 155648K [0x0000000080000000, 0x0000000100000000)
  region size 1024K, 50 young (51200K), 7 survivors (7168K)
 Metaspace       used 88184K, capacity 90320K, committed 90496K, reserved 1128448K
  class space    used 11361K, capacity 12136K, committed 12160K, reserved 1048576K
}
Event: 26.466 GC heap after
{Heap after GC invocations=30 (full 0):
 garbage-first heap   total 183296K, used 117920K [0x0000000080000000, 0x0000000100000000)
  region size 1024K, 7 young (7168K), 7 survivors (7168K)
 Metaspace       used 88184K, capacity 90320K, committed 90496K, reserved 1128448K
  class space    used 11361K, capacity 12136K, committed 12160K, reserved 1048576K
}
Event: 26.983 GC heap before
{Heap before GC invocations=30 (full 0):
 garbage-first heap   total 183296K, used 152736K [0x0000000080000000, 0x0000000100000000)
  region size 1024K, 41 young (41984K), 7 survivors (7168K)
 Metaspace       used 90521K, capacity 92757K, committed 92928K, reserved 1130496K
  class space    used 11695K, capacity 12484K, committed 12544K, reserved 1048576K
}
Event: 26.994 GC heap after
{Heap after GC invocations=31 (full 0):
 garbage-first heap   total 183296K, used 119465K [0x0000000080000000, 0x0000000100000000)
  region size 1024K, 2 young (2048K), 2 survivors (2048K)
 Metaspace       used 90521K, capacity 92757K, committed 92928K, reserved 1130496K
  class space    used 11695K, capacity 12484K, committed 12544K, reserved 1048576K
}
Event: 27.646 GC heap before
{Heap before GC invocations=32 (full 0):
 garbage-first heap   total 183296K, used 153257K [0x0000000080000000, 0x0000000100000000)
  region size 1024K, 35 young (35840K), 2 survivors (2048K)
 Metaspace       used 92794K, capacity 94990K, committed 95360K, reserved 1132544K
  class space    used 12007K, capacity 12810K, committed 12928K, reserved 1048576K
}
Event: 27.654 GC heap after
{Heap after GC invocations=33 (full 0):
 garbage-first heap   total 183296K, used 121267K [0x0000000080000000, 0x0000000100000000)
  region size 1024K, 4 young (4096K), 4 survivors (4096K)
 Metaspace       used 92794K, capacity 94990K, committed 95360K, reserved 1132544K
  class space    used 12007K, capacity 12810K, committed 12928K, reserved 1048576K
}
Event: 28.214 GC heap before
{Heap before GC invocations=33 (full 0):
 garbage-first heap   total 183296K, used 155059K [0x0000000080000000, 0x0000000100000000)
  region size 1024K, 37 young (37888K), 4 survivors (4096K)
 Metaspace       used 95049K, capacity 97354K, committed 97664K, reserved 1134592K
  class space    used 12295K, capacity 13122K, committed 13184K, reserved 1048576K
}
Event: 28.227 GC heap after
{Heap after GC invocations=34 (full 0):
 garbage-first heap   total 183296K, used 124132K [0x0000000080000000, 0x0000000100000000)
  region size 1024K, 5 young (5120K), 5 survivors (5120K)
 Metaspace       used 95049K, capacity 97354K, committed 97664K, reserved 1134592K
  class space    used 12295K, capacity 13122K, committed 13184K, reserved 1048576K
}

