# JRE version: OpenJDK Runtime Environment (11.0.12+7) (build 11.0.12+7-b1504.28-7817840)
# Java VM: OpenJDK 64-Bit Server VM (11.0.12+7-b1504.28-7817840, mixed mode, tiered, compressed oops, g1 gc, windows-amd64)
Heap:
 garbage-first heap   total 152576K, used 120834K [0x0000000080000000, 0x0000000100000000)
  region size 1024K, 19 young (19456K), 4 survivors (4096K)
 Metaspace       used 107210K, capacity 109634K, committed 109772K, reserved 1144832K
  class space    used 13616K, capacity 14518K, committed 14540K, reserved 1048576K
GC Heap History (20 events):
Event: 68.389 GC heap before
{Heap before GC invocations=37 (full 0):
 garbage-first heap   total 152576K, used 120195K [0x0000000080000000, 0x0000000100000000)
  region size 1024K, 24 young (24576K), 1 survivors (1024K)
 Metaspace       used 98465K, capacity 100625K, committed 100684K, reserved 1136640K
  class space    used 12518K, capacity 13353K, committed 13388K, reserved 1048576K
}
Event: 68.395 GC heap after
{Heap after GC invocations=38 (full 0):
 garbage-first heap   total 152576K, used 98452K [0x0000000080000000, 0x0000000100000000)
  region size 1024K, 2 young (2048K), 2 survivors (2048K)
 Metaspace       used 98465K, capacity 100625K, committed 100684K, reserved 1136640K
  class space    used 12518K, capacity 13353K, committed 13388K, reserved 1048576K
}
Event: 68.867 GC heap before
{Heap before GC invocations=39 (full 0):
 garbage-first heap   total 152576K, used 120980K [0x0000000080000000, 0x0000000100000000)
  region size 1024K, 25 young (25600K), 2 survivors (2048K)
 Metaspace       used 100104K, capacity 102225K, committed 102476K, reserved 1138688K
  class space    used 12736K, capacity 13545K, committed 13644K, reserved 1048576K
}
Event: 68.874 GC heap after
{Heap after GC invocations=40 (full 0):
 garbage-first heap   total 152576K, used 98985K [0x0000000080000000, 0x0000000100000000)
  region size 1024K, 2 young (2048K), 2 survivors (2048K)
 Metaspace       used 100104K, capacity 102225K, committed 102476K, reserved 1138688K
  class space    used 12736K, capacity 13545K, committed 13644K, reserved 1048576K
}
Event: 68.938 GC heap before
{Heap before GC invocations=40 (full 0):
 garbage-first heap   total 152576K, used 104105K [0x0000000080000000, 0x0000000100000000)
  region size 1024K, 7 young (7168K), 2 survivors (2048K)
 Metaspace       used 100338K, capacity 102449K, committed 102732K, reserved 1138688K
  class space    used 12768K, capacity 13577K, committed 13644K, reserved 1048576K
}
Event: 68.944 GC heap after
{Heap after GC invocations=41 (full 0):
 garbage-first heap   total 152576K, used 98296K [0x0000000080000000, 0x0000000100000000)
  region size 1024K, 1 young (1024K), 1 survivors (1024K)
 Metaspace       used 100338K, capacity 102449K, committed 102732K, reserved 1138688K
  class space    used 12768K, capacity 13577K, committed 13644K, reserved 1048576K
}
Event: 69.295 GC heap before
{Heap before GC invocations=41 (full 0):
 garbage-first heap   total 152576K, used 122872K [0x0000000080000000, 0x0000000100000000)
  region size 1024K, 25 young (25600K), 1 survivors (1024K)
 Metaspace       used 101145K, capacity 103387K, committed 103628K, reserved 1138688K
  class space    used 12843K, capacity 13675K, committed 13772K, reserved 1048576K
}
Event: 69.306 GC heap after
{Heap after GC invocations=42 (full 0):
 garbage-first heap   total 152576K, used 100529K [0x0000000080000000, 0x0000000100000000)
  region size 1024K, 3 young (3072K), 3 survivors (3072K)
 Metaspace       used 101145K, capacity 103387K, committed 103628K, reserved 1138688K
  class space    used 12843K, capacity 13675K, committed 13772K, reserved 1048576K
}
Event: 70.054 GC heap before
{Heap before GC invocations=43 (full 0):
 garbage-first heap   total 152576K, used 124081K [0x0000000080000000, 0x0000000100000000)
  region size 1024K, 27 young (27648K), 3 survivors (3072K)
 Metaspace       used 101295K, capacity 103463K, committed 103628K, reserved 1138688K
  class space    used 12854K, capacity 13678K, committed 13772K, reserved 1048576K
}
Event: 70.065 GC heap after
{Heap after GC invocations=44 (full 0):
 garbage-first heap   total 152576K, used 102517K [0x0000000080000000, 0x0000000100000000)
  region size 1024K, 2 young (2048K), 2 survivors (2048K)
 Metaspace       used 101295K, capacity 103463K, committed 103628K, reserved 1138688K
  class space    used 12854K, capacity 13678K, committed 13772K, reserved 1048576K
}
Event: 70.114 GC heap before
{Heap before GC invocations=44 (full 0):
 garbage-first heap   total 152576K, used 107637K [0x0000000080000000, 0x0000000100000000)
  region size 1024K, 7 young (7168K), 2 survivors (2048K)
 Metaspace       used 101312K, capacity 103530K, committed 103628K, reserved 1138688K
  class space    used 12857K, capacity 13679K, committed 13772K, reserved 1048576K
}
Event: 70.121 GC heap after
{Heap after GC invocations=45 (full 0):
 garbage-first heap   total 152576K, used 102300K [0x0000000080000000, 0x0000000100000000)
  region size 1024K, 1 young (1024K), 1 survivors (1024K)
 Metaspace       used 101312K, capacity 103530K, committed 103628K, reserved 1138688K
  class space    used 12857K, capacity 13679K, committed 13772K, reserved 1048576K
}
Event: 79.585 GC heap before
{Heap before GC invocations=45 (full 0):
 garbage-first heap   total 152576K, used 124828K [0x0000000080000000, 0x0000000100000000)
  region size 1024K, 24 young (24576K), 1 survivors (1024K)
 Metaspace       used 101940K, capacity 104166K, committed 104524K, reserved 1140736K
  class space    used 12927K, capacity 13765K, committed 13900K, reserved 1048576K
}
Event: 79.592 GC heap after
{Heap after GC invocations=46 (full 0):
 garbage-first heap   total 152576K, used 105085K [0x0000000080000000, 0x0000000100000000)
  region size 1024K, 3 young (3072K), 3 survivors (3072K)
 Metaspace       used 101940K, capacity 104166K, committed 104524K, reserved 1140736K
  class space    used 12927K, capacity 13765K, committed 13900K, reserved 1048576K
}
Event: 80.191 GC heap before
{Heap before GC invocations=46 (full 0):
 garbage-first heap   total 152576K, used 126589K [0x0000000080000000, 0x0000000100000000)
  region size 1024K, 25 young (25600K), 3 survivors (3072K)
 Metaspace       used 102568K, capacity 104753K, committed 105036K, reserved 1140736K
  class space    used 13008K, capacity 13832K, committed 13900K, reserved 1048576K
}
Event: 80.196 GC heap after
{Heap after GC invocations=47 (full 0):
 garbage-first heap   total 152576K, used 104248K [0x0000000080000000, 0x0000000100000000)
  region size 1024K, 2 young (2048K), 2 survivors (2048K)
 Metaspace       used 102568K, capacity 104753K, committed 105036K, reserved 1140736K
  class space    used 13008K, capacity 13832K, committed 13900K, reserved 1048576K
}
Event: 80.680 GC heap before
{Heap before GC invocations=47 (full 0):
 garbage-first heap   total 152576K, used 126776K [0x0000000080000000, 0x0000000100000000)
  region size 1024K, 25 young (25600K), 2 survivors (2048K)
 Metaspace       used 104108K, capacity 106321K, committed 106444K, reserved 1142784K
  class space    used 13172K, capacity 13992K, committed 14028K, reserved 1048576K
}
Event: 80.688 GC heap after
{Heap after GC invocations=48 (full 0):
 garbage-first heap   total 152576K, used 106141K [0x0000000080000000, 0x0000000100000000)
  region size 1024K, 4 young (4096K), 4 survivors (4096K)
 Metaspace       used 104108K, capacity 106321K, committed 106444K, reserved 1142784K
  class space    used 13172K, capacity 13992K, committed 14028K, reserved 1048576K
}
Event: 82.694 GC heap before
{Heap before GC invocations=48 (full 0):
 garbage-first heap   total 152576K, used 127645K [0x0000000080000000, 0x0000000100000000)
  region size 1024K, 26 young (26624K), 4 survivors (4096K)
 Metaspace       used 105116K, capacity 107295K, committed 107340K, reserved 1142784K
  class space    used 13287K, capacity 14138K, committed 14156K, reserved 1048576K
}
Event: 82.703 GC heap after
{Heap after GC invocations=49 (full 0):
 garbage-first heap   total 152576K, used 107522K [0x0000000080000000, 0x0000000100000000)
  region size 1024K, 4 young (4096K), 4 survivors (4096K)
 Metaspace       used 105116K, capacity 107295K, committed 107340K, reserved 1142784K
  class space    used 13287K, capacity 14138K, committed 14156K, reserved 1048576K
}

