# JRE version: OpenJDK Runtime Environment (11.0.12+7) (build 11.0.12+7-b1504.28-7817840)
# Java VM: OpenJDK 64-Bit Server VM (11.0.12+7-b1504.28-7817840, mixed mode, tiered, compressed oops, g1 gc, windows-amd64)
Heap:
 garbage-first heap   total 126976K, used 82557K [0x0000000080000000, 0x0000000100000000)
  region size 1024K, 56 young (57344K), 3 survivors (3072K)
 Metaspace       used 30550K, capacity 31343K, committed 31616K, reserved 1081344K
  class space    used 4068K, capacity 4388K, committed 4480K, reserved 1048576K
GC Heap History (12 events):
Event: 0.830 GC heap before
{Heap before GC invocations=0 (full 0):
 garbage-first heap   total 126976K, used 20480K [0x0000000080000000, 0x0000000100000000)
  region size 1024K, 14 young (14336K), 0 survivors (0K)
 Metaspace       used 6739K, capacity 6925K, committed 7168K, reserved 1056768K
  class space    used 582K, capacity 650K, committed 768K, reserved 1048576K
}
Event: 0.835 GC heap after
{Heap after GC invocations=1 (full 0):
 garbage-first heap   total 126976K, used 7558K [0x0000000080000000, 0x0000000100000000)
  region size 1024K, 2 young (2048K), 2 survivors (2048K)
 Metaspace       used 6739K, capacity 6925K, committed 7168K, reserved 1056768K
  class space    used 582K, capacity 650K, committed 768K, reserved 1048576K
}
Event: 1.276 GC heap before
{Heap before GC invocations=1 (full 0):
 garbage-first heap   total 126976K, used 18822K [0x0000000080000000, 0x0000000100000000)
  region size 1024K, 13 young (13312K), 2 survivors (2048K)
 Metaspace       used 10270K, capacity 10495K, committed 10624K, reserved 1058816K
  class space    used 1072K, capacity 1141K, committed 1152K, reserved 1048576K
}
Event: 1.281 GC heap after
{Heap after GC invocations=2 (full 0):
 garbage-first heap   total 126976K, used 9733K [0x0000000080000000, 0x0000000100000000)
  region size 1024K, 2 young (2048K), 2 survivors (2048K)
 Metaspace       used 10270K, capacity 10495K, committed 10624K, reserved 1058816K
  class space    used 1072K, capacity 1141K, committed 1152K, reserved 1048576K
}
Event: 1.984 GC heap before
{Heap before GC invocations=2 (full 0):
 garbage-first heap   total 126976K, used 36357K [0x0000000080000000, 0x0000000100000000)
  region size 1024K, 29 young (29696K), 2 survivors (2048K)
 Metaspace       used 11225K, capacity 11450K, committed 11520K, reserved 1058816K
  class space    used 1175K, capacity 1246K, committed 1280K, reserved 1048576K
}
Event: 1.989 GC heap after
{Heap after GC invocations=3 (full 0):
 garbage-first heap   total 126976K, used 11374K [0x0000000080000000, 0x0000000100000000)
  region size 1024K, 4 young (4096K), 4 survivors (4096K)
 Metaspace       used 11225K, capacity 11450K, committed 11520K, reserved 1058816K
  class space    used 1175K, capacity 1246K, committed 1280K, reserved 1048576K
}
Event: 8.436 GC heap before
{Heap before GC invocations=3 (full 0):
 garbage-first heap   total 126976K, used 53358K [0x0000000080000000, 0x0000000100000000)
  region size 1024K, 44 young (45056K), 4 survivors (4096K)
 Metaspace       used 17635K, capacity 18059K, committed 18432K, reserved 1064960K
  class space    used 2047K, capacity 2184K, committed 2304K, reserved 1048576K
}
Event: 8.469 GC heap after
{Heap after GC invocations=4 (full 0):
 garbage-first heap   total 126976K, used 15967K [0x0000000080000000, 0x0000000100000000)
  region size 1024K, 6 young (6144K), 6 survivors (6144K)
 Metaspace       used 17635K, capacity 18059K, committed 18432K, reserved 1064960K
  class space    used 2047K, capacity 2184K, committed 2304K, reserved 1048576K
}
Event: 9.409 GC heap before
{Heap before GC invocations=4 (full 0):
 garbage-first heap   total 126976K, used 46687K [0x0000000080000000, 0x0000000100000000)
  region size 1024K, 37 young (37888K), 6 survivors (6144K)
 Metaspace       used 20688K, capacity 21155K, committed 21248K, reserved 1067008K
  class space    used 2536K, capacity 2728K, committed 2816K, reserved 1048576K
}
Event: 9.420 GC heap after
{Heap after GC invocations=5 (full 0):
 garbage-first heap   total 126976K, used 17358K [0x0000000080000000, 0x0000000100000000)
  region size 1024K, 6 young (6144K), 6 survivors (6144K)
 Metaspace       used 20688K, capacity 21155K, committed 21248K, reserved 1067008K
  class space    used 2536K, capacity 2728K, committed 2816K, reserved 1048576K
}
Event: 11.131 GC heap before
{Heap before GC invocations=6 (full 0):
 garbage-first heap   total 126976K, used 65486K [0x0000000080000000, 0x0000000100000000)
  region size 1024K, 54 young (55296K), 6 survivors (6144K)
 Metaspace       used 25834K, capacity 26442K, committed 26624K, reserved 1073152K
  class space    used 3321K, capacity 3538K, committed 3584K, reserved 1048576K
}
Event: 11.145 GC heap after
{Heap after GC invocations=7 (full 0):
 garbage-first heap   total 126976K, used 19069K [0x0000000080000000, 0x0000000100000000)
  region size 1024K, 3 young (3072K), 3 survivors (3072K)
 Metaspace       used 25834K, capacity 26442K, committed 26624K, reserved 1073152K
  class space    used 3321K, capacity 3538K, committed 3584K, reserved 1048576K
}

