# JRE version: OpenJDK Runtime Environment (11.0.12+7) (build 11.0.12+7-b1504.28-7817840)
# Java VM: OpenJDK 64-Bit Server VM (11.0.12+7-b1504.28-7817840, mixed mode, tiered, compressed oops, g1 gc, windows-amd64)
Heap:
 garbage-first heap   total 126976K, used 47475K [0x0000000080000000, 0x0000000100000000)
  region size 1024K, 15 young (15360K), 2 survivors (2048K)
 Metaspace       used 38730K, capacity 39767K, committed 40140K, reserved 1083392K
  class space    used 5055K, capacity 5445K, committed 5580K, reserved 1048576K
GC Heap History (16 events):
Event: 1.057 GC heap before
{Heap before GC invocations=0 (full 0):
 garbage-first heap   total 126976K, used 20480K [0x0000000080000000, 0x0000000100000000)
  region size 1024K, 14 young (14336K), 0 survivors (0K)
 Metaspace       used 6738K, capacity 6925K, committed 7168K, reserved 1056768K
  class space    used 582K, capacity 650K, committed 768K, reserved 1048576K
}
Event: 1.082 GC heap after
{Heap after GC invocations=1 (full 0):
 garbage-first heap   total 126976K, used 7874K [0x0000000080000000, 0x0000000100000000)
  region size 1024K, 2 young (2048K), 2 survivors (2048K)
 Metaspace       used 6738K, capacity 6925K, committed 7168K, reserved 1056768K
  class space    used 582K, capacity 650K, committed 768K, reserved 1048576K
}
Event: 1.873 GC heap before
{Heap before GC invocations=1 (full 0):
 garbage-first heap   total 126976K, used 19138K [0x0000000080000000, 0x0000000100000000)
  region size 1024K, 13 young (13312K), 2 survivors (2048K)
 Metaspace       used 10301K, capacity 10495K, committed 10624K, reserved 1058816K
  class space    used 1072K, capacity 1141K, committed 1152K, reserved 1048576K
}
Event: 1.879 GC heap after
{Heap after GC invocations=2 (full 0):
 garbage-first heap   total 126976K, used 9658K [0x0000000080000000, 0x0000000100000000)
  region size 1024K, 2 young (2048K), 2 survivors (2048K)
 Metaspace       used 10301K, capacity 10495K, committed 10624K, reserved 1058816K
  class space    used 1072K, capacity 1141K, committed 1152K, reserved 1048576K
}
Event: 2.848 GC heap before
{Heap before GC invocations=2 (full 0):
 garbage-first heap   total 126976K, used 36282K [0x0000000080000000, 0x0000000100000000)
  region size 1024K, 28 young (28672K), 2 survivors (2048K)
 Metaspace       used 11242K, capacity 11450K, committed 11520K, reserved 1058816K
  class space    used 1175K, capacity 1246K, committed 1280K, reserved 1048576K
}
Event: 2.855 GC heap after
{Heap after GC invocations=3 (full 0):
 garbage-first heap   total 126976K, used 11197K [0x0000000080000000, 0x0000000100000000)
  region size 1024K, 4 young (4096K), 4 survivors (4096K)
 Metaspace       used 11242K, capacity 11450K, committed 11520K, reserved 1058816K
  class space    used 1175K, capacity 1246K, committed 1280K, reserved 1048576K
}
Event: 5.783 GC heap before
{Heap before GC invocations=3 (full 0):
 garbage-first heap   total 126976K, used 51133K [0x0000000080000000, 0x0000000100000000)
  region size 1024K, 43 young (44032K), 4 survivors (4096K)
 Metaspace       used 17430K, capacity 17830K, committed 18048K, reserved 1064960K
  class space    used 2014K, capacity 2150K, committed 2176K, reserved 1048576K
}
Event: 5.789 GC heap after
{Heap after GC invocations=4 (full 0):
 garbage-first heap   total 126976K, used 16342K [0x0000000080000000, 0x0000000100000000)
  region size 1024K, 6 young (6144K), 6 survivors (6144K)
 Metaspace       used 17430K, capacity 17830K, committed 18048K, reserved 1064960K
  class space    used 2014K, capacity 2150K, committed 2176K, reserved 1048576K
}
Event: 6.351 GC heap before
{Heap before GC invocations=4 (full 0):
 garbage-first heap   total 126976K, used 47062K [0x0000000080000000, 0x0000000100000000)
  region size 1024K, 37 young (37888K), 6 survivors (6144K)
 Metaspace       used 20693K, capacity 21158K, committed 21248K, reserved 1067008K
  class space    used 2539K, capacity 2729K, committed 2816K, reserved 1048576K
}
Event: 6.365 GC heap after
{Heap after GC invocations=5 (full 0):
 garbage-first heap   total 126976K, used 17465K [0x0000000080000000, 0x0000000100000000)
  region size 1024K, 2 young (2048K), 2 survivors (2048K)
 Metaspace       used 20693K, capacity 21158K, committed 21248K, reserved 1067008K
  class space    used 2539K, capacity 2729K, committed 2816K, reserved 1048576K
}
Event: 7.321 GC heap before
{Heap before GC invocations=6 (full 0):
 garbage-first heap   total 126976K, used 64569K [0x0000000080000000, 0x0000000100000000)
  region size 1024K, 49 young (50176K), 2 survivors (2048K)
 Metaspace       used 25781K, capacity 26378K, committed 26624K, reserved 1073152K
  class space    used 3315K, capacity 3538K, committed 3584K, reserved 1048576K
}
Event: 7.327 GC heap after
{Heap after GC invocations=7 (full 0):
 garbage-first heap   total 126976K, used 19129K [0x0000000080000000, 0x0000000100000000)
  region size 1024K, 3 young (3072K), 3 survivors (3072K)
 Metaspace       used 25781K, capacity 26378K, committed 26624K, reserved 1073152K
  class space    used 3315K, capacity 3538K, committed 3584K, reserved 1048576K
}
Event: 8.763 GC heap before
{Heap before GC invocations=7 (full 0):
 garbage-first heap   total 126976K, used 92857K [0x0000000080000000, 0x0000000100000000)
  region size 1024K, 65 young (66560K), 3 survivors (3072K)
 Metaspace       used 31537K, capacity 32369K, committed 32512K, reserved 1077248K
  class space    used 4221K, capacity 4533K, committed 4608K, reserved 1048576K
}
Event: 8.773 GC heap after
{Heap after GC invocations=8 (full 0):
 garbage-first heap   total 126976K, used 34488K [0x0000000080000000, 0x0000000100000000)
  region size 1024K, 8 young (8192K), 8 survivors (8192K)
 Metaspace       used 31537K, capacity 32369K, committed 32512K, reserved 1077248K
  class space    used 4221K, capacity 4533K, committed 4608K, reserved 1048576K
}
Event: 9.386 GC heap before
{Heap before GC invocations=8 (full 0):
 garbage-first heap   total 126976K, used 53944K [0x0000000080000000, 0x0000000100000000)
  region size 1024K, 28 young (28672K), 8 survivors (8192K)
 Metaspace       used 34878K, capacity 35779K, committed 35840K, reserved 1081344K
  class space    used 4644K, capacity 4988K, committed 4992K, reserved 1048576K
}
Event: 9.404 GC heap after
{Heap after GC invocations=9 (full 0):
 garbage-first heap   total 126976K, used 36211K [0x0000000080000000, 0x0000000100000000)
  region size 1024K, 2 young (2048K), 2 survivors (2048K)
 Metaspace       used 34878K, capacity 35779K, committed 35840K, reserved 1081344K
  class space    used 4644K, capacity 4988K, committed 4992K, reserved 1048576K
}

