# JRE version: OpenJDK Runtime Environment (11.0.12+7) (build 11.0.12+7-b1504.28-7817840)
# Java VM: OpenJDK 64-Bit Server VM (11.0.12+7-b1504.28-7817840, mixed mode, tiered, compressed oops, g1 gc, windows-amd64)
Heap:
 garbage-first heap   total 152576K, used 62464K [0x0000000080000000, 0x0000000100000000)
  region size 1024K, 14 young (14336K), 3 survivors (3072K)
 Metaspace       used 51339K, capacity 52646K, committed 52940K, reserved 1095680K
  class space    used 6561K, capacity 7057K, committed 7116K, reserved 1048576K
GC Heap History (20 events):
Event: 2.255 GC heap before
{Heap before GC invocations=1 (full 0):
 garbage-first heap   total 126976K, used 20162K [0x0000000080000000, 0x0000000100000000)
  region size 1024K, 14 young (14336K), 2 survivors (2048K)
 Metaspace       used 10286K, capacity 10495K, committed 10624K, reserved 1058816K
  class space    used 1072K, capacity 1141K, committed 1152K, reserved 1048576K
}
Event: 2.260 GC heap after
{Heap after GC invocations=2 (full 0):
 garbage-first heap   total 126976K, used 9719K [0x0000000080000000, 0x0000000100000000)
  region size 1024K, 2 young (2048K), 2 survivors (2048K)
 Metaspace       used 10286K, capacity 10495K, committed 10624K, reserved 1058816K
  class space    used 1072K, capacity 1141K, committed 1152K, reserved 1048576K
}
Event: 3.389 GC heap before
{Heap before GC invocations=2 (full 0):
 garbage-first heap   total 126976K, used 39415K [0x0000000080000000, 0x0000000100000000)
  region size 1024K, 30 young (30720K), 2 survivors (2048K)
 Metaspace       used 11245K, capacity 11450K, committed 11520K, reserved 1058816K
  class space    used 1175K, capacity 1246K, committed 1280K, reserved 1048576K
}
Event: 3.397 GC heap after
{Heap after GC invocations=3 (full 0):
 garbage-first heap   total 126976K, used 13294K [0x0000000080000000, 0x0000000100000000)
  region size 1024K, 4 young (4096K), 4 survivors (4096K)
 Metaspace       used 11245K, capacity 11450K, committed 11520K, reserved 1058816K
  class space    used 1175K, capacity 1246K, committed 1280K, reserved 1048576K
}
Event: 7.215 GC heap before
{Heap before GC invocations=3 (full 0):
 garbage-first heap   total 126976K, used 55278K [0x0000000080000000, 0x0000000100000000)
  region size 1024K, 45 young (46080K), 4 survivors (4096K)
 Metaspace       used 17992K, capacity 18378K, committed 18688K, reserved 1064960K
  class space    used 2119K, capacity 2228K, committed 2304K, reserved 1048576K
}
Event: 7.225 GC heap after
{Heap after GC invocations=4 (full 0):
 garbage-first heap   total 126976K, used 17382K [0x0000000080000000, 0x0000000100000000)
  region size 1024K, 6 young (6144K), 6 survivors (6144K)
 Metaspace       used 17992K, capacity 18378K, committed 18688K, reserved 1064960K
  class space    used 2119K, capacity 2228K, committed 2304K, reserved 1048576K
}
Event: 7.869 GC heap before
{Heap before GC invocations=4 (full 0):
 garbage-first heap   total 126976K, used 44006K [0x0000000080000000, 0x0000000100000000)
  region size 1024K, 33 young (33792K), 6 survivors (6144K)
 Metaspace       used 20672K, capacity 21155K, committed 21248K, reserved 1067008K
  class space    used 2536K, capacity 2728K, committed 2816K, reserved 1048576K
}
Event: 7.883 GC heap after
{Heap after GC invocations=5 (full 0):
 garbage-first heap   total 126976K, used 18627K [0x0000000080000000, 0x0000000100000000)
  region size 1024K, 2 young (2048K), 2 survivors (2048K)
 Metaspace       used 20672K, capacity 21155K, committed 21248K, reserved 1067008K
  class space    used 2536K, capacity 2728K, committed 2816K, reserved 1048576K
}
Event: 9.000 GC heap before
{Heap before GC invocations=6 (full 0):
 garbage-first heap   total 126976K, used 63683K [0x0000000080000000, 0x0000000100000000)
  region size 1024K, 48 young (49152K), 2 survivors (2048K)
 Metaspace       used 25600K, capacity 26148K, committed 26368K, reserved 1073152K
  class space    used 3284K, capacity 3503K, committed 3584K, reserved 1048576K
}
Event: 9.005 GC heap after
{Heap after GC invocations=7 (full 0):
 garbage-first heap   total 126976K, used 19124K [0x0000000080000000, 0x0000000100000000)
  region size 1024K, 3 young (3072K), 3 survivors (3072K)
 Metaspace       used 25600K, capacity 26148K, committed 26368K, reserved 1073152K
  class space    used 3284K, capacity 3503K, committed 3584K, reserved 1048576K
}
Event: 10.440 GC heap before
{Heap before GC invocations=7 (full 0):
 garbage-first heap   total 126976K, used 93876K [0x0000000080000000, 0x0000000100000000)
  region size 1024K, 67 young (68608K), 3 survivors (3072K)
 Metaspace       used 31412K, capacity 32303K, committed 32512K, reserved 1077248K
  class space    used 4207K, capacity 4532K, committed 4608K, reserved 1048576K
}
Event: 10.450 GC heap after
{Heap after GC invocations=8 (full 0):
 garbage-first heap   total 126976K, used 35450K [0x0000000080000000, 0x0000000100000000)
  region size 1024K, 9 young (9216K), 9 survivors (9216K)
 Metaspace       used 31412K, capacity 32303K, committed 32512K, reserved 1077248K
  class space    used 4207K, capacity 4532K, committed 4608K, reserved 1048576K
}
Event: 11.143 GC heap before
{Heap before GC invocations=8 (full 0):
 garbage-first heap   total 126976K, used 55930K [0x0000000080000000, 0x0000000100000000)
  region size 1024K, 30 young (30720K), 9 survivors (9216K)
 Metaspace       used 34851K, capacity 35785K, committed 35840K, reserved 1081344K
  class space    used 4644K, capacity 4990K, committed 4992K, reserved 1048576K
}
Event: 11.159 GC heap after
{Heap after GC invocations=9 (full 0):
 garbage-first heap   total 126976K, used 36867K [0x0000000080000000, 0x0000000100000000)
  region size 1024K, 2 young (2048K), 2 survivors (2048K)
 Metaspace       used 34851K, capacity 35785K, committed 35840K, reserved 1081344K
  class space    used 4644K, capacity 4990K, committed 4992K, reserved 1048576K
}
Event: 13.353 GC heap before
{Heap before GC invocations=10 (full 0):
 garbage-first heap   total 126976K, used 89091K [0x0000000080000000, 0x0000000100000000)
  region size 1024K, 51 young (52224K), 2 survivors (2048K)
 Metaspace       used 41531K, capacity 42555K, committed 42828K, reserved 1087488K
  class space    used 5270K, capacity 5664K, committed 5708K, reserved 1048576K
}
Event: 13.363 GC heap after
{Heap after GC invocations=11 (full 0):
 garbage-first heap   total 126976K, used 41577K [0x0000000080000000, 0x0000000100000000)
  region size 1024K, 7 young (7168K), 7 survivors (7168K)
 Metaspace       used 41531K, capacity 42555K, committed 42828K, reserved 1087488K
  class space    used 5270K, capacity 5664K, committed 5708K, reserved 1048576K
}
Event: 14.508 GC heap before
{Heap before GC invocations=11 (full 0):
 garbage-first heap   total 126976K, used 94825K [0x0000000080000000, 0x0000000100000000)
  region size 1024K, 55 young (56320K), 7 survivors (7168K)
 Metaspace       used 44651K, capacity 45898K, committed 46156K, reserved 1089536K
  class space    used 5746K, capacity 6194K, committed 6220K, reserved 1048576K
}
Event: 14.523 GC heap after
{Heap after GC invocations=12 (full 0):
 garbage-first heap   total 126976K, used 49148K [0x0000000080000000, 0x0000000100000000)
  region size 1024K, 4 young (4096K), 4 survivors (4096K)
 Metaspace       used 44651K, capacity 45898K, committed 46156K, reserved 1089536K
  class space    used 5746K, capacity 6194K, committed 6220K, reserved 1048576K
}
Event: 17.002 GC heap before
{Heap before GC invocations=12 (full 0):
 garbage-first heap   total 126976K, used 96252K [0x0000000080000000, 0x0000000100000000)
  region size 1024K, 49 young (50176K), 4 survivors (4096K)
 Metaspace       used 49841K, capacity 51120K, committed 51276K, reserved 1093632K
  class space    used 6409K, capacity 6893K, committed 6988K, reserved 1048576K
}
Event: 17.017 GC heap after
{Heap after GC invocations=13 (full 0):
 garbage-first heap   total 152576K, used 52224K [0x0000000080000000, 0x0000000100000000)
  region size 1024K, 3 young (3072K), 3 survivors (3072K)
 Metaspace       used 49841K, capacity 51120K, committed 51276K, reserved 1093632K
  class space    used 6409K, capacity 6893K, committed 6988K, reserved 1048576K
}

