# JRE version: OpenJDK Runtime Environment (11.0.12+7) (build 11.0.12+7-b1504.28-7817840)
# Java VM: OpenJDK 64-Bit Server VM (11.0.12+7-b1504.28-7817840, mixed mode, tiered, compressed oops, g1 gc, windows-amd64)
Heap:
 garbage-first heap   total 155648K, used 51669K [0x0000000084000000, 0x0000000100000000)
  region size 1024K, 10 young (10240K), 8 survivors (8192K)
 Metaspace       used 67943K, capacity 68784K, committed 68892K, reserved 1110016K
  class space    used 7795K, capacity 8128K, committed 8140K, reserved 1048576K
GC Heap History (16 events):
Event: 0.439 GC heap before
{Heap before GC invocations=0 (full 0):
 garbage-first heap   total 126976K, used 17408K [0x0000000084000000, 0x0000000100000000)
  region size 1024K, 14 young (14336K), 0 survivors (0K)
 Metaspace       used 9831K, capacity 9938K, committed 10112K, reserved 1058816K
  class space    used 842K, capacity 885K, committed 896K, reserved 1048576K
}
Event: 0.443 GC heap after
{Heap after GC invocations=1 (full 0):
 garbage-first heap   total 126976K, used 5240K [0x0000000084000000, 0x0000000100000000)
  region size 1024K, 2 young (2048K), 2 survivors (2048K)
 Metaspace       used 9831K, capacity 9938K, committed 10112K, reserved 1058816K
  class space    used 842K, capacity 885K, committed 896K, reserved 1048576K
}
Event: 1.271 GC heap before
{Heap before GC invocations=1 (full 0):
 garbage-first heap   total 126976K, used 50296K [0x0000000084000000, 0x0000000100000000)
  region size 1024K, 47 young (48128K), 2 survivors (2048K)
 Metaspace       used 20928K, capacity 21086K, committed 21296K, reserved 1069056K
  class space    used 2229K, capacity 2312K, committed 2432K, reserved 1048576K
}
Event: 1.285 GC heap after
{Heap after GC invocations=2 (full 0):
 garbage-first heap   total 126976K, used 9229K [0x0000000084000000, 0x0000000100000000)
  region size 1024K, 6 young (6144K), 6 survivors (6144K)
 Metaspace       used 20928K, capacity 21086K, committed 21296K, reserved 1069056K
  class space    used 2229K, capacity 2312K, committed 2432K, reserved 1048576K
}
Event: 2.548 GC heap before
{Heap before GC invocations=3 (full 0):
 garbage-first heap   total 126976K, used 61453K [0x0000000084000000, 0x0000000100000000)
  region size 1024K, 52 young (53248K), 6 survivors (6144K)
 Metaspace       used 31679K, capacity 32149K, committed 32304K, reserved 1077248K
  class space    used 3980K, capacity 4180K, committed 4224K, reserved 1048576K
}
Event: 2.570 GC heap after
{Heap after GC invocations=4 (full 0):
 garbage-first heap   total 126976K, used 21092K [0x0000000084000000, 0x0000000100000000)
  region size 1024K, 7 young (7168K), 7 survivors (7168K)
 Metaspace       used 31679K, capacity 32149K, committed 32304K, reserved 1077248K
  class space    used 3980K, capacity 4180K, committed 4224K, reserved 1048576K
}
Event: 2.878 GC heap before
{Heap before GC invocations=4 (full 0):
 garbage-first heap   total 126976K, used 38500K [0x0000000084000000, 0x0000000100000000)
  region size 1024K, 25 young (25600K), 7 survivors (7168K)
 Metaspace       used 35381K, capacity 35846K, committed 35920K, reserved 1081344K
  class space    used 4395K, capacity 4602K, committed 4608K, reserved 1048576K
}
Event: 2.889 GC heap after
{Heap after GC invocations=5 (full 0):
 garbage-first heap   total 126976K, used 20231K [0x0000000084000000, 0x0000000100000000)
  region size 1024K, 2 young (2048K), 2 survivors (2048K)
 Metaspace       used 35381K, capacity 35846K, committed 35920K, reserved 1081344K
  class space    used 4395K, capacity 4602K, committed 4608K, reserved 1048576K
}
Event: 4.032 GC heap before
{Heap before GC invocations=6 (full 0):
 garbage-first heap   total 126976K, used 76551K [0x0000000084000000, 0x0000000100000000)
  region size 1024K, 55 young (56320K), 2 survivors (2048K)
 Metaspace       used 46625K, capacity 47162K, committed 47388K, reserved 1091584K
  class space    used 5541K, capacity 5746K, committed 5836K, reserved 1048576K
}
Event: 4.051 GC heap after
{Heap after GC invocations=7 (full 0):
 garbage-first heap   total 155648K, used 27399K [0x0000000084000000, 0x0000000100000000)
  region size 1024K, 7 young (7168K), 7 survivors (7168K)
 Metaspace       used 46625K, capacity 47162K, committed 47388K, reserved 1091584K
  class space    used 5541K, capacity 5746K, committed 5836K, reserved 1048576K
}
Event: 5.511 GC heap before
{Heap before GC invocations=8 (full 0):
 garbage-first heap   total 155648K, used 92935K [0x0000000084000000, 0x0000000100000000)
  region size 1024K, 70 young (71680K), 7 survivors (7168K)
 Metaspace       used 52492K, capacity 53082K, committed 53276K, reserved 1095680K
  class space    used 6072K, capacity 6326K, committed 6348K, reserved 1048576K
}
Event: 5.540 GC heap after
{Heap after GC invocations=9 (full 0):
 garbage-first heap   total 155648K, used 35344K [0x0000000084000000, 0x0000000100000000)
  region size 1024K, 8 young (8192K), 8 survivors (8192K)
 Metaspace       used 52492K, capacity 53082K, committed 53276K, reserved 1095680K
  class space    used 6072K, capacity 6326K, committed 6348K, reserved 1048576K
}
Event: 6.723 GC heap before
{Heap before GC invocations=9 (full 0):
 garbage-first heap   total 155648K, used 101904K [0x0000000084000000, 0x0000000100000000)
  region size 1024K, 73 young (74752K), 8 survivors (8192K)
 Metaspace       used 56029K, capacity 56694K, committed 56988K, reserved 1099776K
  class space    used 6413K, capacity 6678K, committed 6732K, reserved 1048576K
}
Event: 6.752 GC heap after
{Heap after GC invocations=10 (full 0):
 garbage-first heap   total 155648K, used 42789K [0x0000000084000000, 0x0000000100000000)
  region size 1024K, 8 young (8192K), 8 survivors (8192K)
 Metaspace       used 56029K, capacity 56694K, committed 56988K, reserved 1099776K
  class space    used 6413K, capacity 6678K, committed 6732K, reserved 1048576K
}
Event: 8.931 GC heap before
{Heap before GC invocations=10 (full 0):
 garbage-first heap   total 155648K, used 108325K [0x0000000084000000, 0x0000000100000000)
  region size 1024K, 72 young (73728K), 8 survivors (8192K)
 Metaspace       used 67648K, capacity 68496K, committed 68636K, reserved 1110016K
  class space    used 7762K, capacity 8096K, committed 8140K, reserved 1048576K
}
Event: 8.956 GC heap after
{Heap after GC invocations=11 (full 0):
 garbage-first heap   total 155648K, used 50645K [0x0000000084000000, 0x0000000100000000)
  region size 1024K, 8 young (8192K), 8 survivors (8192K)
 Metaspace       used 67648K, capacity 68496K, committed 68636K, reserved 1110016K
  class space    used 7762K, capacity 8096K, committed 8140K, reserved 1048576K
}

