# JRE version: OpenJDK Runtime Environment (11.0.12+7) (build 11.0.12+7-b1504.28-7817840)
# Java VM: OpenJDK 64-Bit Server VM (11.0.12+7-b1504.28-7817840, mixed mode, tiered, compressed oops, g1 gc, windows-amd64)
Heap:
 garbage-first heap   total 614400K, used 219419K [0x0000000080000000, 0x0000000100000000)
  region size 1024K, 1 young (1024K), 1 survivors (1024K)
 Metaspace       used 163937K, capacity 168766K, committed 169036K, reserved 1196032K
  class space    used 20005K, capacity 21767K, committed 21836K, reserved 1048576K
GC Heap History (20 events):
Event: 2016.588 GC heap after
{Heap after GC invocations=144 (full 0):
 garbage-first heap   total 317440K, used 198163K [0x0000000080000000, 0x0000000100000000)
  region size 1024K, 2 young (2048K), 2 survivors (2048K)
 Metaspace       used 157477K, capacity 161964K, committed 162508K, reserved 1191936K
  class space    used 19215K, capacity 20803K, committed 20940K, reserved 1048576K
}
Event: 2017.902 GC heap before
{Heap before GC invocations=144 (full 0):
 garbage-first heap   total 317440K, used 253459K [0x0000000080000000, 0x0000000100000000)
  region size 1024K, 57 young (58368K), 2 survivors (2048K)
 Metaspace       used 161225K, capacity 165986K, committed 166220K, reserved 1193984K
  class space    used 19799K, capacity 21532K, committed 21580K, reserved 1048576K
}
Event: 2017.923 GC heap after
{Heap after GC invocations=145 (full 0):
 garbage-first heap   total 317440K, used 202873K [0x0000000080000000, 0x0000000100000000)
  region size 1024K, 7 young (7168K), 7 survivors (7168K)
 Metaspace       used 161225K, capacity 165986K, committed 166220K, reserved 1193984K
  class space    used 19799K, capacity 21532K, committed 21580K, reserved 1048576K
}
Event: 2020.219 GC heap before
{Heap before GC invocations=146 (full 0):
 garbage-first heap   total 317440K, used 257145K [0x0000000080000000, 0x0000000100000000)
  region size 1024K, 61 young (62464K), 7 survivors (7168K)
 Metaspace       used 163407K, capacity 168335K, committed 168524K, reserved 1196032K
  class space    used 20012K, capacity 21788K, committed 21836K, reserved 1048576K
}
Event: 2020.407 GC heap after
{Heap after GC invocations=147 (full 0):
 garbage-first heap   total 317440K, used 204043K [0x0000000080000000, 0x0000000100000000)
  region size 1024K, 2 young (2048K), 2 survivors (2048K)
 Metaspace       used 163407K, capacity 168335K, committed 168524K, reserved 1196032K
  class space    used 20012K, capacity 21788K, committed 21836K, reserved 1048576K
}
Event: 2020.846 GC heap before
{Heap before GC invocations=147 (full 0):
 garbage-first heap   total 317440K, used 216331K [0x0000000080000000, 0x0000000100000000)
  region size 1024K, 15 young (15360K), 2 survivors (2048K)
 Metaspace       used 163521K, capacity 168408K, committed 168524K, reserved 1196032K
  class space    used 20012K, capacity 21788K, committed 21836K, reserved 1048576K
}
Event: 2020.873 GC heap after
{Heap after GC invocations=148 (full 0):
 garbage-first heap   total 317440K, used 204039K [0x0000000080000000, 0x0000000100000000)
  region size 1024K, 2 young (2048K), 2 survivors (2048K)
 Metaspace       used 163521K, capacity 168408K, committed 168524K, reserved 1196032K
  class space    used 20012K, capacity 21788K, committed 21836K, reserved 1048576K
}
Event: 2021.776 GC heap before
{Heap before GC invocations=148 (full 0):
 garbage-first heap   total 317440K, used 260359K [0x0000000080000000, 0x0000000100000000)
  region size 1024K, 58 young (59392K), 2 survivors (2048K)
 Metaspace       used 163746K, capacity 168612K, committed 168780K, reserved 1196032K
  class space    used 20012K, capacity 21789K, committed 21836K, reserved 1048576K
}
Event: 2021.789 GC heap after
{Heap after GC invocations=149 (full 0):
 garbage-first heap   total 317440K, used 210314K [0x0000000080000000, 0x0000000100000000)
  region size 1024K, 8 young (8192K), 8 survivors (8192K)
 Metaspace       used 163746K, capacity 168612K, committed 168780K, reserved 1196032K
  class space    used 20012K, capacity 21789K, committed 21836K, reserved 1048576K
}
Event: 2022.981 GC heap before
{Heap before GC invocations=150 (full 0):
 garbage-first heap   total 317440K, used 264586K [0x0000000080000000, 0x0000000100000000)
  region size 1024K, 61 young (62464K), 8 survivors (8192K)
 Metaspace       used 163801K, capacity 168664K, committed 169036K, reserved 1196032K
  class space    used 20000K, capacity 21757K, committed 21836K, reserved 1048576K
}
Event: 2023.092 GC heap after
{Heap after GC invocations=151 (full 0):
 garbage-first heap   total 317440K, used 214408K [0x0000000080000000, 0x0000000100000000)
  region size 1024K, 6 young (6144K), 6 survivors (6144K)
 Metaspace       used 163801K, capacity 168664K, committed 169036K, reserved 1196032K
  class space    used 20000K, capacity 21757K, committed 21836K, reserved 1048576K
}
Event: 2023.196 GC heap before
{Heap before GC invocations=151 (full 0):
 garbage-first heap   total 317440K, used 223624K [0x0000000080000000, 0x0000000100000000)
  region size 1024K, 15 young (15360K), 6 survivors (6144K)
 Metaspace       used 163803K, capacity 168664K, committed 169036K, reserved 1196032K
  class space    used 20000K, capacity 21757K, committed 21836K, reserved 1048576K
}
Event: 2023.216 GC heap after
{Heap after GC invocations=152 (full 0):
 garbage-first heap   total 317440K, used 214796K [0x0000000080000000, 0x0000000100000000)
  region size 1024K, 2 young (2048K), 2 survivors (2048K)
 Metaspace       used 163803K, capacity 168664K, committed 169036K, reserved 1196032K
  class space    used 20000K, capacity 21757K, committed 21836K, reserved 1048576K
}
Event: 2024.786 GC heap before
{Heap before GC invocations=152 (full 0):
 garbage-first heap   total 317440K, used 265996K [0x0000000080000000, 0x0000000100000000)
  region size 1024K, 52 young (53248K), 2 survivors (2048K)
 Metaspace       used 163840K, capacity 168692K, committed 169036K, reserved 1196032K
  class space    used 20004K, capacity 21765K, committed 21836K, reserved 1048576K
}
Event: 2024.811 GC heap after
{Heap after GC invocations=153 (full 0):
 garbage-first heap   total 317440K, used 218435K [0x0000000080000000, 0x0000000100000000)
  region size 1024K, 6 young (6144K), 6 survivors (6144K)
 Metaspace       used 163840K, capacity 168692K, committed 169036K, reserved 1196032K
  class space    used 20004K, capacity 21765K, committed 21836K, reserved 1048576K
}
Event: 2026.127 GC heap before
{Heap before GC invocations=154 (full 0):
 garbage-first heap   total 317440K, used 267587K [0x0000000080000000, 0x0000000100000000)
  region size 1024K, 54 young (55296K), 6 survivors (6144K)
 Metaspace       used 163885K, capacity 168764K, committed 169036K, reserved 1196032K
  class space    used 20005K, capacity 21767K, committed 21836K, reserved 1048576K
}
Event: 2026.145 GC heap after
{Heap after GC invocations=155 (full 0):
 garbage-first heap   total 317440K, used 219850K [0x0000000080000000, 0x0000000100000000)
  region size 1024K, 2 young (2048K), 2 survivors (2048K)
 Metaspace       used 163885K, capacity 168764K, committed 169036K, reserved 1196032K
  class space    used 20005K, capacity 21767K, committed 21836K, reserved 1048576K
}
Event: 2026.418 GC heap before
{Heap before GC invocations=155 (full 0):
 garbage-first heap   total 317440K, used 233162K [0x0000000080000000, 0x0000000100000000)
  region size 1024K, 15 young (15360K), 2 survivors (2048K)
 Metaspace       used 163892K, capacity 168764K, committed 169036K, reserved 1196032K
  class space    used 20005K, capacity 21767K, committed 21836K, reserved 1048576K
}
Event: 2026.456 GC heap after
{Heap after GC invocations=156 (full 0):
 garbage-first heap   total 317440K, used 219099K [0x0000000080000000, 0x0000000100000000)
  region size 1024K, 1 young (1024K), 1 survivors (1024K)
 Metaspace       used 163892K, capacity 168764K, committed 169036K, reserved 1196032K
  class space    used 20005K, capacity 21767K, committed 21836K, reserved 1048576K
}
Event: 2027.982 GC heap before
{Heap before GC invocations=156 (full 0):
 garbage-first heap   total 317440K, used 271323K [0x0000000080000000, 0x0000000100000000)
  region size 1024K, 52 young (53248K), 1 survivors (1024K)
 Metaspace       used 163937K, capacity 168766K, committed 169036K, reserved 1196032K
  class space    used 20005K, capacity 21767K, committed 21836K, reserved 1048576K
}

