# JRE version: OpenJDK Runtime Environment (11.0.12+7) (build 11.0.12+7-b1504.28-7817840)
# Java VM: OpenJDK 64-Bit Server VM (11.0.12+7-b1504.28-7817840, mixed mode, tiered, compressed oops, g1 gc, windows-amd64)
Heap:
 garbage-first heap   total 158720K, used 87226K [0x0000000084000000, 0x0000000100000000)
  region size 1024K, 66 young (67584K), 7 survivors (7168K)
 Metaspace       used 52296K, capacity 52908K, committed 53020K, reserved 1095680K
  class space    used 6065K, capacity 6330K, committed 6348K, reserved 1048576K
GC Heap History (10 events):
Event: 0.543 GC heap before
{Heap before GC invocations=0 (full 0):
 garbage-first heap   total 126976K, used 17408K [0x0000000084000000, 0x0000000100000000)
  region size 1024K, 14 young (14336K), 0 survivors (0K)
 Metaspace       used 9830K, capacity 9938K, committed 10112K, reserved 1058816K
  class space    used 842K, capacity 885K, committed 896K, reserved 1048576K
}
Event: 0.547 GC heap after
{Heap after GC invocations=1 (full 0):
 garbage-first heap   total 126976K, used 5227K [0x0000000084000000, 0x0000000100000000)
  region size 1024K, 2 young (2048K), 2 survivors (2048K)
 Metaspace       used 9830K, capacity 9938K, committed 10112K, reserved 1058816K
  class space    used 842K, capacity 885K, committed 896K, reserved 1048576K
}
Event: 1.502 GC heap before
{Heap before GC invocations=1 (full 0):
 garbage-first heap   total 126976K, used 51307K [0x0000000084000000, 0x0000000100000000)
  region size 1024K, 48 young (49152K), 2 survivors (2048K)
 Metaspace       used 20917K, capacity 21086K, committed 21296K, reserved 1069056K
  class space    used 2230K, capacity 2312K, committed 2432K, reserved 1048576K
}
Event: 1.515 GC heap after
{Heap after GC invocations=2 (full 0):
 garbage-first heap   total 126976K, used 9105K [0x0000000084000000, 0x0000000100000000)
  region size 1024K, 6 young (6144K), 6 survivors (6144K)
 Metaspace       used 20917K, capacity 21086K, committed 21296K, reserved 1069056K
  class space    used 2230K, capacity 2312K, committed 2432K, reserved 1048576K
}
Event: 2.698 GC heap before
{Heap before GC invocations=3 (full 0):
 garbage-first heap   total 126976K, used 62353K [0x0000000084000000, 0x0000000100000000)
  region size 1024K, 53 young (54272K), 6 survivors (6144K)
 Metaspace       used 31843K, capacity 32314K, committed 32560K, reserved 1077248K
  class space    used 4007K, capacity 4214K, committed 4224K, reserved 1048576K
}
Event: 2.734 GC heap after
{Heap after GC invocations=4 (full 0):
 garbage-first heap   total 126976K, used 21110K [0x0000000084000000, 0x0000000100000000)
  region size 1024K, 7 young (7168K), 7 survivors (7168K)
 Metaspace       used 31843K, capacity 32314K, committed 32560K, reserved 1077248K
  class space    used 4007K, capacity 4214K, committed 4224K, reserved 1048576K
}
Event: 3.165 GC heap before
{Heap before GC invocations=4 (full 0):
 garbage-first heap   total 126976K, used 37494K [0x0000000084000000, 0x0000000100000000)
  region size 1024K, 24 young (24576K), 7 survivors (7168K)
 Metaspace       used 35395K, capacity 35845K, committed 35920K, reserved 1081344K
  class space    used 4395K, capacity 4602K, committed 4608K, reserved 1048576K
}
Event: 3.179 GC heap after
{Heap after GC invocations=5 (full 0):
 garbage-first heap   total 126976K, used 20164K [0x0000000084000000, 0x0000000100000000)
  region size 1024K, 2 young (2048K), 2 survivors (2048K)
 Metaspace       used 35395K, capacity 35845K, committed 35920K, reserved 1081344K
  class space    used 4395K, capacity 4602K, committed 4608K, reserved 1048576K
}
Event: 4.668 GC heap before
{Heap before GC invocations=6 (full 0):
 garbage-first heap   total 126976K, used 74436K [0x0000000084000000, 0x0000000100000000)
  region size 1024K, 53 young (54272K), 2 survivors (2048K)
 Metaspace       used 46708K, capacity 47232K, committed 47388K, reserved 1091584K
  class space    used 5542K, capacity 5747K, committed 5836K, reserved 1048576K
}
Event: 4.696 GC heap after
{Heap after GC invocations=7 (full 0):
 garbage-first heap   total 158720K, used 26810K [0x0000000084000000, 0x0000000100000000)
  region size 1024K, 7 young (7168K), 7 survivors (7168K)
 Metaspace       used 46708K, capacity 47232K, committed 47388K, reserved 1091584K
  class space    used 5542K, capacity 5747K, committed 5836K, reserved 1048576K
}

