# JRE version: OpenJDK Runtime Environment (11.0.12+7) (build 11.0.12+7-b1504.28-7817840)
# Java VM: OpenJDK 64-Bit Server VM (11.0.12+7-b1504.28-7817840, mixed mode, tiered, compressed oops, g1 gc, windows-amd64)
Heap:
 garbage-first heap   total 152576K, used 76496K [0x0000000080000000, 0x0000000100000000)
  region size 1024K, 32 young (32768K), 5 survivors (5120K)
 Metaspace       used 48927K, capacity 50152K, committed 50380K, reserved 1093632K
  class space    used 6313K, capacity 6762K, committed 6860K, reserved 1048576K
GC Heap History (20 events):
Event: 1.168 GC heap before
{Heap before GC invocations=1 (full 0):
 garbage-first heap   total 126976K, used 12659K [0x0000000080000000, 0x0000000100000000)
  region size 1024K, 7 young (7168K), 2 survivors (2048K)
 Metaspace       used 7969K, capacity 8139K, committed 8320K, reserved 1056768K
  class space    used 757K, capacity 823K, committed 896K, reserved 1048576K
}
Event: 1.171 GC heap after
{Heap after GC invocations=2 (full 0):
 garbage-first heap   total 126976K, used 9123K [0x0000000080000000, 0x0000000100000000)
  region size 1024K, 1 young (1024K), 1 survivors (1024K)
 Metaspace       used 7969K, capacity 8139K, committed 8320K, reserved 1056768K
  class space    used 757K, capacity 823K, committed 896K, reserved 1048576K
}
Event: 2.617 GC heap before
{Heap before GC invocations=2 (full 0):
 garbage-first heap   total 126976K, used 29603K [0x0000000080000000, 0x0000000100000000)
  region size 1024K, 21 young (21504K), 1 survivors (1024K)
 Metaspace       used 11201K, capacity 11386K, committed 11520K, reserved 1058816K
  class space    used 1174K, capacity 1246K, committed 1280K, reserved 1048576K
}
Event: 2.622 GC heap after
{Heap after GC invocations=3 (full 0):
 garbage-first heap   total 126976K, used 10080K [0x0000000080000000, 0x0000000100000000)
  region size 1024K, 2 young (2048K), 2 survivors (2048K)
 Metaspace       used 11201K, capacity 11386K, committed 11520K, reserved 1058816K
  class space    used 1174K, capacity 1246K, committed 1280K, reserved 1048576K
}
Event: 3.316 GC heap before
{Heap before GC invocations=3 (full 0):
 garbage-first heap   total 126976K, used 40800K [0x0000000080000000, 0x0000000100000000)
  region size 1024K, 32 young (32768K), 2 survivors (2048K)
 Metaspace       used 11532K, capacity 11730K, committed 11904K, reserved 1060864K
  class space    used 1236K, capacity 1318K, committed 1408K, reserved 1048576K
}
Event: 3.324 GC heap after
{Heap after GC invocations=4 (full 0):
 garbage-first heap   total 126976K, used 14602K [0x0000000080000000, 0x0000000100000000)
  region size 1024K, 4 young (4096K), 4 survivors (4096K)
 Metaspace       used 11532K, capacity 11730K, committed 11904K, reserved 1060864K
  class space    used 1236K, capacity 1318K, committed 1408K, reserved 1048576K
}
Event: 5.859 GC heap before
{Heap before GC invocations=4 (full 0):
 garbage-first heap   total 126976K, used 59658K [0x0000000080000000, 0x0000000100000000)
  region size 1024K, 48 young (49152K), 4 survivors (4096K)
 Metaspace       used 19793K, capacity 20190K, committed 20224K, reserved 1067008K
  class space    used 2415K, capacity 2555K, committed 2560K, reserved 1048576K
}
Event: 5.866 GC heap after
{Heap after GC invocations=5 (full 0):
 garbage-first heap   total 126976K, used 17482K [0x0000000080000000, 0x0000000100000000)
  region size 1024K, 6 young (6144K), 6 survivors (6144K)
 Metaspace       used 19793K, capacity 20190K, committed 20224K, reserved 1067008K
  class space    used 2415K, capacity 2555K, committed 2560K, reserved 1048576K
}
Event: 6.021 GC heap before
{Heap before GC invocations=5 (full 0):
 garbage-first heap   total 126976K, used 26698K [0x0000000080000000, 0x0000000100000000)
  region size 1024K, 16 young (16384K), 6 survivors (6144K)
 Metaspace       used 20684K, capacity 21155K, committed 21248K, reserved 1067008K
  class space    used 2540K, capacity 2728K, committed 2816K, reserved 1048576K
}
Event: 6.028 GC heap after
{Heap after GC invocations=6 (full 0):
 garbage-first heap   total 126976K, used 17796K [0x0000000080000000, 0x0000000100000000)
  region size 1024K, 4 young (4096K), 4 survivors (4096K)
 Metaspace       used 20684K, capacity 21155K, committed 21248K, reserved 1067008K
  class space    used 2540K, capacity 2728K, committed 2816K, reserved 1048576K
}
Event: 6.910 GC heap before
{Heap before GC invocations=7 (full 0):
 garbage-first heap   total 126976K, used 63876K [0x0000000080000000, 0x0000000100000000)
  region size 1024K, 50 young (51200K), 4 survivors (4096K)
 Metaspace       used 25602K, capacity 26148K, committed 26368K, reserved 1073152K
  class space    used 3288K, capacity 3503K, committed 3584K, reserved 1048576K
}
Event: 6.917 GC heap after
{Heap after GC invocations=8 (full 0):
 garbage-first heap   total 126976K, used 19404K [0x0000000080000000, 0x0000000100000000)
  region size 1024K, 5 young (5120K), 5 survivors (5120K)
 Metaspace       used 25602K, capacity 26148K, committed 26368K, reserved 1073152K
  class space    used 3288K, capacity 3503K, committed 3584K, reserved 1048576K
}
Event: 8.609 GC heap before
{Heap before GC invocations=8 (full 0):
 garbage-first heap   total 126976K, used 88012K [0x0000000080000000, 0x0000000100000000)
  region size 1024K, 63 young (64512K), 5 survivors (5120K)
 Metaspace       used 30961K, capacity 31822K, committed 31872K, reserved 1077248K
  class space    used 4138K, capacity 4458K, committed 4480K, reserved 1048576K
}
Event: 8.625 GC heap after
{Heap after GC invocations=9 (full 0):
 garbage-first heap   total 126976K, used 34230K [0x0000000080000000, 0x0000000100000000)
  region size 1024K, 7 young (7168K), 7 survivors (7168K)
 Metaspace       used 30961K, capacity 31822K, committed 31872K, reserved 1077248K
  class space    used 4138K, capacity 4458K, committed 4480K, reserved 1048576K
}
Event: 9.677 GC heap before
{Heap before GC invocations=9 (full 0):
 garbage-first heap   total 126976K, used 59830K [0x0000000080000000, 0x0000000100000000)
  region size 1024K, 33 young (33792K), 7 survivors (7168K)
 Metaspace       used 34898K, capacity 35779K, committed 35840K, reserved 1081344K
  class space    used 4649K, capacity 4988K, committed 4992K, reserved 1048576K
}
Event: 9.693 GC heap after
{Heap after GC invocations=10 (full 0):
 garbage-first heap   total 126976K, used 36218K [0x0000000080000000, 0x0000000100000000)
  region size 1024K, 2 young (2048K), 2 survivors (2048K)
 Metaspace       used 34898K, capacity 35779K, committed 35840K, reserved 1081344K
  class space    used 4649K, capacity 4988K, committed 4992K, reserved 1048576K
}
Event: 11.046 GC heap before
{Heap before GC invocations=11 (full 0):
 garbage-first heap   total 126976K, used 83322K [0x0000000080000000, 0x0000000100000000)
  region size 1024K, 46 young (47104K), 2 survivors (2048K)
 Metaspace       used 40826K, capacity 41904K, committed 41932K, reserved 1085440K
  class space    used 5201K, capacity 5577K, committed 5580K, reserved 1048576K
}
Event: 11.065 GC heap after
{Heap after GC invocations=12 (full 0):
 garbage-first heap   total 152576K, used 40303K [0x0000000080000000, 0x0000000100000000)
  region size 1024K, 6 young (6144K), 6 survivors (6144K)
 Metaspace       used 40826K, capacity 41904K, committed 41932K, reserved 1085440K
  class space    used 5201K, capacity 5577K, committed 5580K, reserved 1048576K
}
Event: 13.428 GC heap before
{Heap before GC invocations=13 (full 0):
 garbage-first heap   total 152576K, used 100719K [0x0000000080000000, 0x0000000100000000)
  region size 1024K, 61 young (62464K), 6 survivors (6144K)
 Metaspace       used 44720K, capacity 45984K, committed 46284K, reserved 1089536K
  class space    used 5768K, capacity 6223K, committed 6348K, reserved 1048576K
}
Event: 13.447 GC heap after
{Heap after GC invocations=14 (full 0):
 garbage-first heap   total 152576K, used 48848K [0x0000000080000000, 0x0000000100000000)
  region size 1024K, 5 young (5120K), 5 survivors (5120K)
 Metaspace       used 44720K, capacity 45984K, committed 46284K, reserved 1089536K
  class space    used 5768K, capacity 6223K, committed 6348K, reserved 1048576K
}

