# JRE version: OpenJDK Runtime Environment (11.0.12+7) (build 11.0.12+7-b1504.28-7817840)
# Java VM: OpenJDK 64-Bit Server VM (11.0.12+7-b1504.28-7817840, mixed mode, tiered, compressed oops, g1 gc, windows-amd64)
Heap:
 garbage-first heap   total 220160K, used 82142K [0x0000000080000000, 0x0000000100000000)
  region size 1024K, 5 young (5120K), 3 survivors (3072K)
 Metaspace       used 62343K, capacity 64021K, committed 64076K, reserved 1105920K
  class space    used 7940K, capacity 8510K, committed 8524K, reserved 1048576K
GC Heap History (20 events):
Event: 2.837 GC heap before
{Heap before GC invocations=3 (full 0):
 garbage-first heap   total 126976K, used 54184K [0x0000000080000000, 0x0000000100000000)
  region size 1024K, 45 young (46080K), 4 survivors (4096K)
 Metaspace       used 17674K, capacity 18026K, committed 18176K, reserved 1064960K
  class space    used 2061K, capacity 2196K, committed 2304K, reserved 1048576K
}
Event: 2.844 GC heap after
{Heap after GC invocations=4 (full 0):
 garbage-first heap   total 126976K, used 15919K [0x0000000080000000, 0x0000000100000000)
  region size 1024K, 6 young (6144K), 6 survivors (6144K)
 Metaspace       used 17674K, capacity 18026K, committed 18176K, reserved 1064960K
  class space    used 2061K, capacity 2196K, committed 2304K, reserved 1048576K
}
Event: 3.188 GC heap before
{Heap before GC invocations=4 (full 0):
 garbage-first heap   total 126976K, used 45615K [0x0000000080000000, 0x0000000100000000)
  region size 1024K, 37 young (37888K), 6 survivors (6144K)
 Metaspace       used 20740K, capacity 21158K, committed 21248K, reserved 1067008K
  class space    used 2550K, capacity 2729K, committed 2816K, reserved 1048576K
}
Event: 3.195 GC heap after
{Heap after GC invocations=5 (full 0):
 garbage-first heap   total 152576K, used 17713K [0x0000000080000000, 0x0000000100000000)
  region size 1024K, 6 young (6144K), 6 survivors (6144K)
 Metaspace       used 20740K, capacity 21158K, committed 21248K, reserved 1067008K
  class space    used 2550K, capacity 2729K, committed 2816K, reserved 1048576K
}
Event: 4.170 GC heap before
{Heap before GC invocations=6 (full 0):
 garbage-first heap   total 152576K, used 78129K [0x0000000080000000, 0x0000000100000000)
  region size 1024K, 65 young (66560K), 6 survivors (6144K)
 Metaspace       used 27394K, capacity 28038K, committed 28160K, reserved 1073152K
  class space    used 3579K, capacity 3821K, committed 3840K, reserved 1048576K
}
Event: 4.182 GC heap after
{Heap after GC invocations=7 (full 0):
 garbage-first heap   total 152576K, used 20121K [0x0000000080000000, 0x0000000100000000)
  region size 1024K, 4 young (4096K), 4 survivors (4096K)
 Metaspace       used 27394K, capacity 28038K, committed 28160K, reserved 1073152K
  class space    used 3579K, capacity 3821K, committed 3840K, reserved 1048576K
}
Event: 5.335 GC heap before
{Heap before GC invocations=7 (full 0):
 garbage-first heap   total 152576K, used 103065K [0x0000000080000000, 0x0000000100000000)
  region size 1024K, 76 young (77824K), 4 survivors (4096K)
 Metaspace       used 34778K, capacity 35755K, committed 35840K, reserved 1081344K
  class space    used 4645K, capacity 4984K, committed 4992K, reserved 1048576K
}
Event: 5.351 GC heap after
{Heap after GC invocations=8 (full 0):
 garbage-first heap   total 152576K, used 36505K [0x0000000080000000, 0x0000000100000000)
  region size 1024K, 10 young (10240K), 10 survivors (10240K)
 Metaspace       used 34778K, capacity 35755K, committed 35840K, reserved 1081344K
  class space    used 4645K, capacity 4984K, committed 4992K, reserved 1048576K
}
Event: 5.377 GC heap before
{Heap before GC invocations=8 (full 0):
 garbage-first heap   total 152576K, used 36505K [0x0000000080000000, 0x0000000100000000)
  region size 1024K, 11 young (11264K), 10 survivors (10240K)
 Metaspace       used 34955K, capacity 35825K, committed 35840K, reserved 1081344K
  class space    used 4657K, capacity 4986K, committed 4992K, reserved 1048576K
}
Event: 5.391 GC heap after
{Heap after GC invocations=9 (full 0):
 garbage-first heap   total 152576K, used 37152K [0x0000000080000000, 0x0000000100000000)
  region size 1024K, 1 young (1024K), 1 survivors (1024K)
 Metaspace       used 34955K, capacity 35825K, committed 35840K, reserved 1081344K
  class space    used 4657K, capacity 4986K, committed 4992K, reserved 1048576K
}
Event: 6.403 GC heap before
{Heap before GC invocations=10 (full 0):
 garbage-first heap   total 152576K, used 90400K [0x0000000080000000, 0x0000000100000000)
  region size 1024K, 51 young (52224K), 1 survivors (1024K)
 Metaspace       used 41487K, capacity 42524K, committed 42828K, reserved 1087488K
  class space    used 5282K, capacity 5658K, committed 5708K, reserved 1048576K
}
Event: 6.414 GC heap after
{Heap after GC invocations=11 (full 0):
 garbage-first heap   total 183296K, used 41719K [0x0000000080000000, 0x0000000100000000)
  region size 1024K, 6 young (6144K), 6 survivors (6144K)
 Metaspace       used 41487K, capacity 42524K, committed 42828K, reserved 1087488K
  class space    used 5282K, capacity 5658K, committed 5708K, reserved 1048576K
}
Event: 7.514 GC heap before
{Heap before GC invocations=12 (full 0):
 garbage-first heap   total 183296K, used 113399K [0x0000000080000000, 0x0000000100000000)
  region size 1024K, 72 young (73728K), 6 survivors (6144K)
 Metaspace       used 46265K, capacity 47401K, committed 47564K, reserved 1091584K
  class space    used 5864K, capacity 6293K, committed 6348K, reserved 1048576K
}
Event: 7.536 GC heap after
{Heap after GC invocations=13 (full 0):
 garbage-first heap   total 183296K, used 50699K [0x0000000080000000, 0x0000000100000000)
  region size 1024K, 6 young (6144K), 6 survivors (6144K)
 Metaspace       used 46265K, capacity 47401K, committed 47564K, reserved 1091584K
  class space    used 5864K, capacity 6293K, committed 6348K, reserved 1048576K
}
Event: 8.525 GC heap before
{Heap before GC invocations=13 (full 0):
 garbage-first heap   total 183296K, used 123403K [0x0000000080000000, 0x0000000100000000)
  region size 1024K, 73 young (74752K), 6 survivors (6144K)
 Metaspace       used 50463K, capacity 51857K, committed 52172K, reserved 1093632K
  class space    used 6539K, capacity 7031K, committed 7116K, reserved 1048576K
}
Event: 8.537 GC heap after
{Heap after GC invocations=14 (full 0):
 garbage-first heap   total 183296K, used 58778K [0x0000000080000000, 0x0000000100000000)
  region size 1024K, 5 young (5120K), 5 survivors (5120K)
 Metaspace       used 50463K, capacity 51857K, committed 52172K, reserved 1093632K
  class space    used 6539K, capacity 7031K, committed 7116K, reserved 1048576K
}
Event: 10.000 GC heap before
{Heap before GC invocations=14 (full 0):
 garbage-first heap   total 183296K, used 133530K [0x0000000080000000, 0x0000000100000000)
  region size 1024K, 71 young (72704K), 5 survivors (5120K)
 Metaspace       used 53873K, capacity 55413K, committed 55628K, reserved 1097728K
  class space    used 6923K, capacity 7458K, committed 7500K, reserved 1048576K
}
Event: 10.013 GC heap after
{Heap after GC invocations=15 (full 0):
 garbage-first heap   total 183296K, used 77704K [0x0000000080000000, 0x0000000100000000)
  region size 1024K, 9 young (9216K), 9 survivors (9216K)
 Metaspace       used 53873K, capacity 55413K, committed 55628K, reserved 1097728K
  class space    used 6923K, capacity 7458K, committed 7500K, reserved 1048576K
}
Event: 11.502 GC heap before
{Heap before GC invocations=15 (full 0):
 garbage-first heap   total 183296K, used 134024K [0x0000000080000000, 0x0000000100000000)
  region size 1024K, 64 young (65536K), 9 survivors (9216K)
 Metaspace       used 61511K, capacity 63134K, committed 63180K, reserved 1103872K
  class space    used 7838K, capacity 8385K, committed 8396K, reserved 1048576K
}
Event: 11.515 GC heap after
{Heap after GC invocations=16 (full 0):
 garbage-first heap   total 220160K, used 81118K [0x0000000080000000, 0x0000000100000000)
  region size 1024K, 3 young (3072K), 3 survivors (3072K)
 Metaspace       used 61511K, capacity 63134K, committed 63180K, reserved 1103872K
  class space    used 7838K, capacity 8385K, committed 8396K, reserved 1048576K
}

