# JRE version: OpenJDK Runtime Environment (11.0.12+7) (build 11.0.12+7-b1504.28-7817840)
# Java VM: OpenJDK 64-Bit Server VM (11.0.12+7-b1504.28-7817840, mixed mode, tiered, compressed oops, g1 gc, windows-amd64)
Heap:
 garbage-first heap   total 523264K, used 327666K [0x0000000080000000, 0x0000000100000000)
  region size 1024K, 62 young (63488K), 21 survivors (21504K)
 Metaspace       used 116166K, capacity 119088K, committed 119280K, reserved 1153024K
  class space    used 14710K, capacity 15887K, committed 15948K, reserved 1048576K
GC Heap History (20 events):
Event: 88.076 GC heap before
{Heap before GC invocations=99 (full 0):
 garbage-first heap   total 517120K, used 451003K [0x0000000080000000, 0x0000000100000000)
  region size 1024K, 208 young (212992K), 13 survivors (13312K)
 Metaspace       used 110761K, capacity 113595K, committed 113648K, reserved 1148928K
  class space    used 14070K, capacity 15164K, committed 15180K, reserved 1048576K
}
Event: 88.096 GC heap after
{Heap after GC invocations=100 (full 0):
 garbage-first heap   total 517120K, used 250304K [0x0000000080000000, 0x0000000100000000)
  region size 1024K, 12 young (12288K), 12 survivors (12288K)
 Metaspace       used 110761K, capacity 113595K, committed 113648K, reserved 1148928K
  class space    used 14070K, capacity 15164K, committed 15180K, reserved 1048576K
}
Event: 90.084 GC heap before
{Heap before GC invocations=100 (full 0):
 garbage-first heap   total 517120K, used 451008K [0x0000000080000000, 0x0000000100000000)
  region size 1024K, 209 young (214016K), 12 survivors (12288K)
 Metaspace       used 110787K, capacity 113659K, committed 113904K, reserved 1148928K
  class space    used 14070K, capacity 15164K, committed 15180K, reserved 1048576K
}
Event: 90.104 GC heap after
{Heap after GC invocations=101 (full 0):
 garbage-first heap   total 517120K, used 249280K [0x0000000080000000, 0x0000000100000000)
  region size 1024K, 11 young (11264K), 11 survivors (11264K)
 Metaspace       used 110787K, capacity 113659K, committed 113904K, reserved 1148928K
  class space    used 14070K, capacity 15164K, committed 15180K, reserved 1048576K
}
Event: 90.901 GC heap before
{Heap before GC invocations=101 (full 0):
 garbage-first heap   total 517120K, used 451008K [0x0000000080000000, 0x0000000100000000)
  region size 1024K, 209 young (214016K), 11 survivors (11264K)
 Metaspace       used 110807K, capacity 113660K, committed 113904K, reserved 1148928K
  class space    used 14071K, capacity 15164K, committed 15180K, reserved 1048576K
}
Event: 90.924 GC heap after
{Heap after GC invocations=102 (full 0):
 garbage-first heap   total 517120K, used 251840K [0x0000000080000000, 0x0000000100000000)
  region size 1024K, 13 young (13312K), 13 survivors (13312K)
 Metaspace       used 110807K, capacity 113660K, committed 113904K, reserved 1148928K
  class space    used 14071K, capacity 15164K, committed 15180K, reserved 1048576K
}
Event: 95.084 GC heap before
{Heap before GC invocations=102 (full 0):
 garbage-first heap   total 517120K, used 454592K [0x0000000080000000, 0x0000000100000000)
  region size 1024K, 192 young (196608K), 13 survivors (13312K)
 Metaspace       used 111767K, capacity 114631K, committed 114928K, reserved 1148928K
  class space    used 14206K, capacity 15308K, committed 15436K, reserved 1048576K
}
Event: 95.112 GC heap after
{Heap after GC invocations=103 (full 0):
 garbage-first heap   total 517120K, used 264768K [0x0000000080000000, 0x0000000100000000)
  region size 1024K, 12 young (12288K), 12 survivors (12288K)
 Metaspace       used 111767K, capacity 114631K, committed 114928K, reserved 1148928K
  class space    used 14206K, capacity 15308K, committed 15436K, reserved 1048576K
}
Event: 96.907 GC heap before
{Heap before GC invocations=104 (full 0):
 garbage-first heap   total 517120K, used 454208K [0x0000000080000000, 0x0000000100000000)
  region size 1024K, 194 young (198656K), 12 survivors (12288K)
 Metaspace       used 114620K, capacity 117562K, committed 117744K, reserved 1150976K
  class space    used 14507K, capacity 15660K, committed 15692K, reserved 1048576K
}
Event: 97.077 GC heap after
{Heap after GC invocations=105 (full 0):
 garbage-first heap   total 523264K, used 295926K [0x0000000080000000, 0x0000000100000000)
  region size 1024K, 25 young (25600K), 25 survivors (25600K)
 Metaspace       used 114620K, capacity 117562K, committed 117744K, reserved 1150976K
  class space    used 14507K, capacity 15660K, committed 15692K, reserved 1048576K
}
Event: 97.136 GC heap before
{Heap before GC invocations=105 (full 0):
 garbage-first heap   total 523264K, used 296950K [0x0000000080000000, 0x0000000100000000)
  region size 1024K, 26 young (26624K), 25 survivors (25600K)
 Metaspace       used 114620K, capacity 117562K, committed 117744K, reserved 1150976K
  class space    used 14507K, capacity 15660K, committed 15692K, reserved 1048576K
}
Event: 97.261 GC heap after
{Heap after GC invocations=106 (full 0):
 garbage-first heap   total 523264K, used 246784K [0x0000000080000000, 0x0000000100000000)
  region size 1024K, 2 young (2048K), 2 survivors (2048K)
 Metaspace       used 114620K, capacity 117562K, committed 117744K, reserved 1150976K
  class space    used 14507K, capacity 15660K, committed 15692K, reserved 1048576K
}
Event: 97.465 GC heap before
{Heap before GC invocations=106 (full 0):
 garbage-first heap   total 523264K, used 269312K [0x0000000080000000, 0x0000000100000000)
  region size 1024K, 25 young (25600K), 2 survivors (2048K)
 Metaspace       used 114683K, capacity 117577K, committed 117744K, reserved 1150976K
  class space    used 14514K, capacity 15665K, committed 15692K, reserved 1048576K
}
Event: 97.504 GC heap after
{Heap after GC invocations=107 (full 0):
 garbage-first heap   total 523264K, used 220237K [0x0000000080000000, 0x0000000100000000)
  region size 1024K, 3 young (3072K), 3 survivors (3072K)
 Metaspace       used 114683K, capacity 117577K, committed 117744K, reserved 1150976K
  class space    used 14514K, capacity 15665K, committed 15692K, reserved 1048576K
}
Event: 97.666 GC heap before
{Heap before GC invocations=107 (full 0):
 garbage-first heap   total 523264K, used 241741K [0x0000000080000000, 0x0000000100000000)
  region size 1024K, 25 young (25600K), 3 survivors (3072K)
 Metaspace       used 114731K, capacity 117590K, committed 117744K, reserved 1150976K
  class space    used 14514K, capacity 15665K, committed 15692K, reserved 1048576K
}
Event: 97.709 GC heap after
{Heap after GC invocations=108 (full 0):
 garbage-first heap   total 523264K, used 219379K [0x0000000080000000, 0x0000000100000000)
  region size 1024K, 2 young (2048K), 2 survivors (2048K)
 Metaspace       used 114731K, capacity 117590K, committed 117744K, reserved 1150976K
  class space    used 14514K, capacity 15665K, committed 15692K, reserved 1048576K
}
Event: 98.417 GC heap before
{Heap before GC invocations=108 (full 0):
 garbage-first heap   total 523264K, used 408819K [0x0000000080000000, 0x0000000100000000)
  region size 1024K, 179 young (183296K), 2 survivors (2048K)
 Metaspace       used 114745K, capacity 117655K, committed 117744K, reserved 1150976K
  class space    used 14515K, capacity 15665K, committed 15692K, reserved 1048576K
}
Event: 98.446 GC heap after
{Heap after GC invocations=109 (full 0):
 garbage-first heap   total 523264K, used 233369K [0x0000000080000000, 0x0000000100000000)
  region size 1024K, 8 young (8192K), 8 survivors (8192K)
 Metaspace       used 114745K, capacity 117655K, committed 117744K, reserved 1150976K
  class space    used 14515K, capacity 15665K, committed 15692K, reserved 1048576K
}
Event: 100.011 GC heap before
{Heap before GC invocations=109 (full 0):
 garbage-first heap   total 523264K, used 436120K [0x0000000080000000, 0x0000000100000000)
  region size 1024K, 182 young (186368K), 8 survivors (8192K)
 Metaspace       used 116058K, capacity 119040K, committed 119280K, reserved 1153024K
  class space    used 14698K, capacity 15878K, committed 15948K, reserved 1048576K
}
Event: 100.054 GC heap after
{Heap after GC invocations=110 (full 0):
 garbage-first heap   total 523264K, used 269298K [0x0000000080000000, 0x0000000100000000)
  region size 1024K, 21 young (21504K), 21 survivors (21504K)
 Metaspace       used 116058K, capacity 119040K, committed 119280K, reserved 1153024K
  class space    used 14698K, capacity 15878K, committed 15948K, reserved 1048576K
}

